2019-05-20 01:26:04.694+0000 WARN [o.n.i.p.PageCache] The dbms.memory.pagecache.size setting has not been configured. It is recommended that this setting is always explicitly configured, to ensure the system has a balanced configuration. Until then, a computed heuristic value of 3293171712 bytes will be used instead. Run `neo4j-admin memrec` for memory configuration suggestions.
2019-05-20 01:26:04.970+0000 INFO [o.n.k.i.f.CommunityEditionModule] No locking implementation specified, defaulting to 'community'
2019-05-20 01:26:05.099+0000 INFO [o.n.k.AvailabilityGuard] Requirement makes database unavailable: Database available
2019-05-20 01:26:05.118+0000 INFO [o.n.k.i.DiagnosticsManager] --- INITIALIZED diagnostics START ---
2019-05-20 01:26:05.119+0000 INFO [o.n.k.i.DiagnosticsManager] Neo4j Kernel properties:
2019-05-20 01:26:05.119+0000 INFO [o.n.k.i.DiagnosticsManager] unsupported.dbms.directories.neo4j_home=C:\Users\64105\Desktop\FIT5171\assignment3\fit5171_2019_22_Ass2\fit5171_2019_22_Ass2\target\rockets
2019-05-20 01:26:05.119+0000 INFO [o.n.k.i.DiagnosticsManager] unsupported.dbms.edition=community
2019-05-20 01:26:05.119+0000 INFO [o.n.k.i.DiagnosticsManager] unsupported.dbms.ephemeral=false
2019-05-20 01:26:05.119+0000 INFO [o.n.k.i.DiagnosticsManager] Diagnostics providers:
2019-05-20 01:26:05.119+0000 INFO [o.n.k.i.DiagnosticsManager] org.neo4j.kernel.configuration.Config
2019-05-20 01:26:05.119+0000 INFO [o.n.k.i.DiagnosticsManager] org.neo4j.kernel.info.DiagnosticsManager
2019-05-20 01:26:05.119+0000 INFO [o.n.k.i.DiagnosticsManager] SYSTEM_MEMORY
2019-05-20 01:26:05.119+0000 INFO [o.n.k.i.DiagnosticsManager] JAVA_MEMORY
2019-05-20 01:26:05.119+0000 INFO [o.n.k.i.DiagnosticsManager] OPERATING_SYSTEM
2019-05-20 01:26:05.119+0000 INFO [o.n.k.i.DiagnosticsManager] JAVA_VIRTUAL_MACHINE
2019-05-20 01:26:05.119+0000 INFO [o.n.k.i.DiagnosticsManager] CLASSPATH
2019-05-20 01:26:05.120+0000 INFO [o.n.k.i.DiagnosticsManager] LIBRARY_PATH
2019-05-20 01:26:05.120+0000 INFO [o.n.k.i.DiagnosticsManager] SYSTEM_PROPERTIES
2019-05-20 01:26:05.120+0000 INFO [o.n.k.i.DiagnosticsManager] NETWORK
2019-05-20 01:26:05.120+0000 INFO [o.n.k.i.DiagnosticsManager] System memory information:
2019-05-20 01:26:05.121+0000 INFO [o.n.k.i.DiagnosticsManager] Total Physical memory: 7.89 GB
2019-05-20 01:26:05.121+0000 INFO [o.n.k.i.DiagnosticsManager] Free Physical memory: 2.63 GB
2019-05-20 01:26:05.122+0000 INFO [o.n.k.i.DiagnosticsManager] Committed virtual memory: 315.41 MB
2019-05-20 01:26:05.122+0000 INFO [o.n.k.i.DiagnosticsManager] Total swap space: 15.78 GB
2019-05-20 01:26:05.122+0000 INFO [o.n.k.i.DiagnosticsManager] Free swap space: 7.68 GB
2019-05-20 01:26:05.122+0000 INFO [o.n.k.i.DiagnosticsManager] JVM memory information:
2019-05-20 01:26:05.122+0000 INFO [o.n.k.i.DiagnosticsManager] Free  memory: 99.84 MB
2019-05-20 01:26:05.122+0000 INFO [o.n.k.i.DiagnosticsManager] Total memory: 123.00 MB
2019-05-20 01:26:05.122+0000 INFO [o.n.k.i.DiagnosticsManager] Max   memory: 1.75 GB
2019-05-20 01:26:05.123+0000 INFO [o.n.k.i.DiagnosticsManager] Garbage Collector: PS Scavenge: [PS Eden Space, PS Survivor Space]
2019-05-20 01:26:05.123+0000 INFO [o.n.k.i.DiagnosticsManager] Garbage Collector: PS MarkSweep: [PS Eden Space, PS Survivor Space, PS Old Gen]
2019-05-20 01:26:05.123+0000 INFO [o.n.k.i.DiagnosticsManager] Memory Pool: Code Cache (Non-heap memory): committed=5.50 MB, used=5.42 MB, max=240.00 MB, threshold=0.00 B
2019-05-20 01:26:05.123+0000 INFO [o.n.k.i.DiagnosticsManager] Memory Pool: Metaspace (Non-heap memory): committed=19.13 MB, used=18.29 MB, max=-1.00 B, threshold=0.00 B
2019-05-20 01:26:05.124+0000 INFO [o.n.k.i.DiagnosticsManager] Memory Pool: Compressed Class Space (Non-heap memory): committed=2.63 MB, used=2.39 MB, max=1.00 GB, threshold=0.00 B
2019-05-20 01:26:05.124+0000 INFO [o.n.k.i.DiagnosticsManager] Memory Pool: PS Eden Space (Heap memory): committed=32.50 MB, used=14.36 MB, max=663.00 MB, threshold=?
2019-05-20 01:26:05.124+0000 INFO [o.n.k.i.DiagnosticsManager] Memory Pool: PS Survivor Space (Heap memory): committed=5.00 MB, used=5.00 MB, max=5.00 MB, threshold=?
2019-05-20 01:26:05.124+0000 INFO [o.n.k.i.DiagnosticsManager] Memory Pool: PS Old Gen (Heap memory): committed=85.50 MB, used=3.80 MB, max=1.32 GB, threshold=0.00 B
2019-05-20 01:26:05.124+0000 INFO [o.n.k.i.DiagnosticsManager] Operating system information:
2019-05-20 01:26:05.125+0000 INFO [o.n.k.i.DiagnosticsManager] Operating System: Windows 10; version: 10.0; arch: amd64; cpus: 4
2019-05-20 01:26:05.125+0000 INFO [o.n.k.i.DiagnosticsManager] Process id: 12956@LAPTOP-7GNS6IDG
2019-05-20 01:26:05.125+0000 INFO [o.n.k.i.DiagnosticsManager] Byte order: LITTLE_ENDIAN
2019-05-20 01:26:05.125+0000 INFO [o.n.k.i.DiagnosticsManager] Local timezone: Australia/Sydney
2019-05-20 01:26:05.125+0000 INFO [o.n.k.i.DiagnosticsManager] JVM information:
2019-05-20 01:26:05.126+0000 INFO [o.n.k.i.DiagnosticsManager] VM Name: Java HotSpot(TM) 64-Bit Server VM
2019-05-20 01:26:05.126+0000 INFO [o.n.k.i.DiagnosticsManager] VM Vendor: Oracle Corporation
2019-05-20 01:26:05.126+0000 INFO [o.n.k.i.DiagnosticsManager] VM Version: 25.161-b12
2019-05-20 01:26:05.126+0000 INFO [o.n.k.i.DiagnosticsManager] JIT compiler: HotSpot 64-Bit Tiered Compilers
2019-05-20 01:26:05.126+0000 INFO [o.n.k.i.DiagnosticsManager] VM Arguments: []
2019-05-20 01:26:05.126+0000 INFO [o.n.k.i.DiagnosticsManager] Java classpath:
2019-05-20 01:26:05.129+0000 INFO [o.n.k.i.DiagnosticsManager]  [classpath + loader.0] file:/C:/Users/64105/.m2/repository/com/github/ben-manes/caffeine/caffeine/2.3.3/caffeine-2.3.3.jar
2019-05-20 01:26:05.129+0000 INFO [o.n.k.i.DiagnosticsManager]  [classpath + loader.0] file:/C:/Users/64105/.m2/repository/commons-codec/commons-codec/1.9/commons-codec-1.9.jar
2019-05-20 01:26:05.129+0000 INFO [o.n.k.i.DiagnosticsManager]  [classpath + loader.0] file:/C:/Users/64105/.m2/repository/net/bytebuddy/byte-buddy-agent/1.7.9/byte-buddy-agent-1.7.9.jar
2019-05-20 01:26:05.129+0000 INFO [o.n.k.i.DiagnosticsManager]  [bootstrap] C:\Program Files\Java\jdk1.8.0_161\jre\classes
2019-05-20 01:26:05.129+0000 INFO [o.n.k.i.DiagnosticsManager]  [classpath + loader.0] file:/C:/Users/64105/.m2/repository/org/apache/logging/log4j/log4j-slf4j-impl/2.11.0/log4j-slf4j-impl-2.11.0.jar
2019-05-20 01:26:05.129+0000 INFO [o.n.k.i.DiagnosticsManager]  [classpath + loader.0] file:/C:/Users/64105/.m2/repository/org/eclipse/jetty/jetty-client/9.4.8.v20171121/jetty-client-9.4.8.v20171121.jar
2019-05-20 01:26:05.129+0000 INFO [o.n.k.i.DiagnosticsManager]  [loader.1] file:/C:/Program%20Files/Java/jdk1.8.0_161/jre/lib/ext/jfxrt.jar
2019-05-20 01:26:05.129+0000 INFO [o.n.k.i.DiagnosticsManager]  [classpath + loader.0] file:/C:/Users/64105/.m2/repository/org/neo4j/neo4j-cypher-frontend-2.3/2.3.12/neo4j-cypher-frontend-2.3-2.3.12.jar
2019-05-20 01:26:05.129+0000 INFO [o.n.k.i.DiagnosticsManager]  [classpath + loader.0] file:/C:/Users/64105/.m2/repository/org/bouncycastle/bcprov-jdk15on/1.53/bcprov-jdk15on-1.53.jar
2019-05-20 01:26:05.129+0000 INFO [o.n.k.i.DiagnosticsManager]  [classpath + loader.0] file:/C:/Users/64105/.m2/repository/org/eclipse/jetty/jetty-io/9.4.8.v20171121/jetty-io-9.4.8.v20171121.jar
2019-05-20 01:26:05.129+0000 INFO [o.n.k.i.DiagnosticsManager]  [classpath + loader.0] file:/C:/Users/64105/.m2/repository/org/neo4j/neo4j-cypher-frontend-3.3/3.3.4/neo4j-cypher-frontend-3.3-3.3.4.jar
2019-05-20 01:26:05.129+0000 INFO [o.n.k.i.DiagnosticsManager]  [classpath + loader.0] file:/C:/Users/64105/.m2/repository/org/neo4j/neo4j-csv/3.3.4/neo4j-csv-3.3.4.jar
2019-05-20 01:26:05.129+0000 INFO [o.n.k.i.DiagnosticsManager]  [classpath + loader.0] file:/C:/Users/64105/.m2/repository/org/neo4j/neo4j-ogm-api/3.1.0/neo4j-ogm-api-3.1.0.jar
2019-05-20 01:26:05.130+0000 INFO [o.n.k.i.DiagnosticsManager]  [classpath + loader.0] file:/C:/Users/64105/.m2/repository/org/mockito/mockito-core/2.16.0/mockito-core-2.16.0.jar
2019-05-20 01:26:05.130+0000 INFO [o.n.k.i.DiagnosticsManager]  [classpath + loader.0] file:/C:/Users/64105/.m2/repository/org/eclipse/jetty/websocket/websocket-common/9.4.8.v20171121/websocket-common-9.4.8.v20171121.jar
2019-05-20 01:26:05.130+0000 INFO [o.n.k.i.DiagnosticsManager]  [classpath + loader.0] file:/C:/Users/64105/.m2/repository/org/apache/lucene/lucene-analyzers-common/5.5.0/lucene-analyzers-common-5.5.0.jar
2019-05-20 01:26:05.130+0000 INFO [o.n.k.i.DiagnosticsManager]  [classpath + loader.0] file:/C:/Users/64105/.m2/repository/org/slf4j/slf4j-api/1.8.0-alpha2/slf4j-api-1.8.0-alpha2.jar
2019-05-20 01:26:05.130+0000 INFO [o.n.k.i.DiagnosticsManager]  [classpath + loader.0] file:/C:/Users/64105/.m2/repository/org/neo4j/neo4j-kernel/3.3.4/neo4j-kernel-3.3.4.jar
2019-05-20 01:26:05.137+0000 INFO [o.n.k.i.DiagnosticsManager]  [classpath + loader.0] file:/C:/Users/64105/.m2/repository/org/neo4j/neo4j-dbms/3.3.4/neo4j-dbms-3.3.4.jar
2019-05-20 01:26:05.137+0000 INFO [o.n.k.i.DiagnosticsManager]  [classpath + loader.0] file:/C:/Users/64105/.m2/repository/org/neo4j/neo4j-cypher-compiler-2.3/2.3.12/neo4j-cypher-compiler-2.3-2.3.12.jar
2019-05-20 01:26:05.137+0000 INFO [o.n.k.i.DiagnosticsManager]  [classpath + loader.0] file:/C:/Users/64105/.m2/repository/org/apache/commons/commons-text/1.1/commons-text-1.1.jar
2019-05-20 01:26:05.137+0000 INFO [o.n.k.i.DiagnosticsManager]  [classpath + loader.0] file:/C:/Users/64105/.m2/repository/org/codehaus/mojo/animal-sniffer-annotations/1.14/animal-sniffer-annotations-1.14.jar
2019-05-20 01:26:05.137+0000 INFO [o.n.k.i.DiagnosticsManager]  [classpath + loader.0] file:/C:/Users/64105/.m2/repository/org/eclipse/jetty/jetty-xml/9.4.8.v20171121/jetty-xml-9.4.8.v20171121.jar
2019-05-20 01:26:05.137+0000 INFO [o.n.k.i.DiagnosticsManager]  [classpath + loader.0] file:/C:/Users/64105/.m2/repository/org/ow2/asm/asm-analysis/5.2/asm-analysis-5.2.jar
2019-05-20 01:26:05.137+0000 INFO [o.n.k.i.DiagnosticsManager]  [bootstrap] C:\Program Files\Java\jdk1.8.0_161\jre\lib\rt.jar
2019-05-20 01:26:05.137+0000 INFO [o.n.k.i.DiagnosticsManager]  [classpath + loader.0] file:/C:/Users/64105/.m2/repository/com/sparkjava/spark-template-freemarker/2.7.1/spark-template-freemarker-2.7.1.jar
2019-05-20 01:26:05.137+0000 INFO [o.n.k.i.DiagnosticsManager]  [classpath + loader.0] file:/C:/Users/64105/.m2/repository/org/objenesis/objenesis/2.6/objenesis-2.6.jar
2019-05-20 01:26:05.138+0000 INFO [o.n.k.i.DiagnosticsManager]  [loader.1] file:/C:/Program%20Files/Java/jdk1.8.0_161/jre/lib/ext/cldrdata.jar
2019-05-20 01:26:05.138+0000 INFO [o.n.k.i.DiagnosticsManager]  [classpath + loader.0] file:/C:/Users/64105/.m2/repository/org/neo4j/neo4j-cypher-ir-3.2/3.2.9/neo4j-cypher-ir-3.2-3.2.9.jar
2019-05-20 01:26:05.138+0000 INFO [o.n.k.i.DiagnosticsManager]  [classpath + loader.0] file:/C:/Users/64105/.m2/repository/org/junit/jupiter/junit-jupiter-api/5.3.2/junit-jupiter-api-5.3.2.jar
2019-05-20 01:26:05.138+0000 INFO [o.n.k.i.DiagnosticsManager]  [classpath + loader.0] file:/C:/Users/64105/.m2/repository/org/ow2/asm/asm-util/5.2/asm-util-5.2.jar
2019-05-20 01:26:05.138+0000 INFO [o.n.k.i.DiagnosticsManager]  [classpath + loader.0] file:/C:/Users/64105/.m2/repository/org/apache/lucene/lucene-core/5.5.0/lucene-core-5.5.0.jar
2019-05-20 01:26:05.138+0000 INFO [o.n.k.i.DiagnosticsManager]  [classpath + loader.0] file:/C:/Users/64105/.m2/repository/org/neo4j/neo4j-ogm-embedded-driver/3.0.2/neo4j-ogm-embedded-driver-3.0.2.jar
2019-05-20 01:26:05.138+0000 INFO [o.n.k.i.DiagnosticsManager]  [classpath + loader.0] file:/C:/Users/64105/.m2/repository/org/neo4j/neo4j-configuration/3.3.4/neo4j-configuration-3.3.4.jar
2019-05-20 01:26:05.138+0000 INFO [o.n.k.i.DiagnosticsManager]  [classpath + loader.0] file:/C:/Users/64105/.m2/repository/org/neo4j/neo4j-unsafe/3.3.4/neo4j-unsafe-3.3.4.jar
2019-05-20 01:26:05.138+0000 INFO [o.n.k.i.DiagnosticsManager]  [classpath + loader.0] file:/C:/Users/64105/.m2/repository/org/apache/logging/log4j/log4j-api/2.11.0/log4j-api-2.11.0.jar
2019-05-20 01:26:05.138+0000 INFO [o.n.k.i.DiagnosticsManager]  [classpath + loader.0] file:/C:/Users/64105/.m2/repository/org/neo4j/neo4j-index/3.3.4/neo4j-index-3.3.4.jar
2019-05-20 01:26:05.138+0000 INFO [o.n.k.i.DiagnosticsManager]  [classpath + loader.0] file:/C:/Users/64105/.m2/repository/org/eclipse/jetty/websocket/websocket-server/9.4.8.v20171121/websocket-server-9.4.8.v20171121.jar
2019-05-20 01:26:05.138+0000 INFO [o.n.k.i.DiagnosticsManager]  [bootstrap] C:\Program Files\Java\jdk1.8.0_161\jre\lib\sunrsasign.jar
2019-05-20 01:26:05.138+0000 INFO [o.n.k.i.DiagnosticsManager]  [classpath + loader.0] file:/C:/Users/64105/.m2/repository/org/neo4j/neo4j-cypher-compiler-3.2/3.2.9/neo4j-cypher-compiler-3.2-3.2.9.jar
2019-05-20 01:26:05.138+0000 INFO [o.n.k.i.DiagnosticsManager]  [classpath + loader.0] file:/C:/Users/64105/.m2/repository/org/neo4j/neo4j/3.3.4/neo4j-3.3.4.jar
2019-05-20 01:26:05.138+0000 INFO [o.n.k.i.DiagnosticsManager]  [classpath + loader.0] file:/C:/Users/64105/.m2/repository/org/neo4j/neo4j-cypher-compiler-3.1/3.1.6/neo4j-cypher-compiler-3.1-3.1.6.jar
2019-05-20 01:26:05.138+0000 INFO [o.n.k.i.DiagnosticsManager]  [classpath + loader.0] file:/C:/Users/64105/.m2/repository/org/checkerframework/checker-compat-qual/2.0.0/checker-compat-qual-2.0.0.jar
2019-05-20 01:26:05.139+0000 INFO [o.n.k.i.DiagnosticsManager]  [classpath + loader.0] file:/C:/Users/64105/.m2/repository/com/google/j2objc/j2objc-annotations/1.1/j2objc-annotations-1.1.jar
2019-05-20 01:26:05.139+0000 INFO [o.n.k.i.DiagnosticsManager]  [loader.1] file:/C:/Program%20Files/Java/jdk1.8.0_161/jre/lib/ext/jaccess.jar
2019-05-20 01:26:05.139+0000 INFO [o.n.k.i.DiagnosticsManager]  [classpath + loader.0] file:/C:/Users/64105/.m2/repository/org/neo4j/neo4j-cypher-frontend-3.1/3.1.6/neo4j-cypher-frontend-3.1-3.1.6.jar
2019-05-20 01:26:05.139+0000 INFO [o.n.k.i.DiagnosticsManager]  [classpath + loader.0] file:/C:/Users/64105/.m2/repository/org/apache/logging/log4j/log4j-core/2.11.0/log4j-core-2.11.0.jar
2019-05-20 01:26:05.139+0000 INFO [o.n.k.i.DiagnosticsManager]  [classpath + loader.0] file:/C:/Users/64105/.m2/repository/org/neo4j/neo4j-common/3.3.4/neo4j-common-3.3.4.jar
2019-05-20 01:26:05.139+0000 INFO [o.n.k.i.DiagnosticsManager]  [loader.1] file:/C:/Program%20Files/Java/jdk1.8.0_161/jre/lib/ext/nashorn.jar
2019-05-20 01:26:05.139+0000 INFO [o.n.k.i.DiagnosticsManager]  [classpath + loader.0] file:/C:/Users/64105/.m2/repository/org/neo4j/neo4j-lucene-upgrade/3.3.4/neo4j-lucene-upgrade-3.3.4.jar
2019-05-20 01:26:05.139+0000 INFO [o.n.k.i.DiagnosticsManager]  [loader.1] file:/C:/Program%20Files/Java/jdk1.8.0_161/jre/lib/ext/sunjce_provider.jar
2019-05-20 01:26:05.139+0000 INFO [o.n.k.i.DiagnosticsManager]  [classpath + loader.0] file:/C:/Users/64105/.m2/repository/org/scala-lang/scala-library/2.11.12/scala-library-2.11.12.jar
2019-05-20 01:26:05.139+0000 INFO [o.n.k.i.DiagnosticsManager]  [classpath + loader.0] file:/C:/Users/64105/.m2/repository/org/parboiled/parboiled-core/1.1.7/parboiled-core-1.1.7.jar
2019-05-20 01:26:05.139+0000 INFO [o.n.k.i.DiagnosticsManager]  [classpath + loader.0] file:/C:/Users/64105/.m2/repository/org/freemarker/freemarker/2.3.26-incubating/freemarker-2.3.26-incubating.jar
2019-05-20 01:26:05.139+0000 INFO [o.n.k.i.DiagnosticsManager]  [classpath + loader.0] file:/C:/Users/64105/.m2/repository/org/apache/commons/commons-csv/1.5/commons-csv-1.5.jar
2019-05-20 01:26:05.139+0000 INFO [o.n.k.i.DiagnosticsManager]  [classpath + loader.0] file:/C:/Users/64105/.m2/repository/org/neo4j/neo4j-ssl/3.3.4/neo4j-ssl-3.3.4.jar
2019-05-20 01:26:05.139+0000 INFO [o.n.k.i.DiagnosticsManager]  [classpath + loader.0] file:/C:/Users/64105/.m2/repository/javax/servlet/javax.servlet-api/3.1.0/javax.servlet-api-3.1.0.jar
2019-05-20 01:26:05.139+0000 INFO [o.n.k.i.DiagnosticsManager]  [classpath + loader.0] file:/C:/Users/64105/.m2/repository/org/neo4j/neo4j-graph-algo/3.3.4/neo4j-graph-algo-3.3.4.jar
2019-05-20 01:26:05.139+0000 INFO [o.n.k.i.DiagnosticsManager]  [classpath + loader.0] file:/C:/Users/64105/.m2/repository/org/neo4j/neo4j-cypher-ir-3.3/3.3.4/neo4j-cypher-ir-3.3-3.3.4.jar
2019-05-20 01:26:05.139+0000 INFO [o.n.k.i.DiagnosticsManager]  [loader.1] file:/C:/Program%20Files/Java/jdk1.8.0_161/jre/lib/ext/localedata.jar
2019-05-20 01:26:05.139+0000 INFO [o.n.k.i.DiagnosticsManager]  [classpath + loader.0] file:/C:/Users/64105/.m2/repository/org/neo4j/neo4j-graph-matching/3.1.6/neo4j-graph-matching-3.1.6.jar
2019-05-20 01:26:05.140+0000 INFO [o.n.k.i.DiagnosticsManager]  [classpath + loader.0] file:/C:/Users/64105/.m2/repository/org/neo4j/neo4j-cypher-frontend-3.2/3.2.9/neo4j-cypher-frontend-3.2-3.2.9.jar
2019-05-20 01:26:05.140+0000 INFO [o.n.k.i.DiagnosticsManager]  [bootstrap] C:\Program Files\Java\jdk1.8.0_161\jre\lib\jsse.jar
2019-05-20 01:26:05.140+0000 INFO [o.n.k.i.DiagnosticsManager]  [classpath + loader.0] file:/C:/Users/64105/.m2/repository/org/eclipse/jetty/jetty-webapp/9.4.8.v20171121/jetty-webapp-9.4.8.v20171121.jar
2019-05-20 01:26:05.140+0000 INFO [o.n.k.i.DiagnosticsManager]  [classpath + loader.0] file:/C:/Users/64105/.m2/repository/org/eclipse/jetty/websocket/websocket-servlet/9.4.8.v20171121/websocket-servlet-9.4.8.v20171121.jar
2019-05-20 01:26:05.140+0000 INFO [o.n.k.i.DiagnosticsManager]  [loader.1] file:/C:/Program%20Files/Java/jdk1.8.0_161/jre/lib/ext/zipfs.jar
2019-05-20 01:26:05.140+0000 INFO [o.n.k.i.DiagnosticsManager]  [classpath + loader.0] file:/C:/Users/64105/.m2/repository/org/eclipse/jetty/jetty-http/9.4.8.v20171121/jetty-http-9.4.8.v20171121.jar
2019-05-20 01:26:05.140+0000 INFO [o.n.k.i.DiagnosticsManager]  [classpath + loader.0] file:/C:/Users/64105/.m2/repository/org/eclipse/jetty/websocket/websocket-client/9.4.8.v20171121/websocket-client-9.4.8.v20171121.jar
2019-05-20 01:26:05.140+0000 INFO [o.n.k.i.DiagnosticsManager]  [classpath + loader.0] file:/C:/Users/64105/.m2/repository/org/apache/lucene/lucene-backward-codecs/5.5.0/lucene-backward-codecs-5.5.0.jar
2019-05-20 01:26:05.140+0000 INFO [o.n.k.i.DiagnosticsManager]  [loader.1] file:/C:/Program%20Files/Java/jdk1.8.0_161/jre/lib/ext/sunec.jar
2019-05-20 01:26:05.140+0000 INFO [o.n.k.i.DiagnosticsManager]  [bootstrap] C:\Program Files\Java\jdk1.8.0_161\jre\lib\resources.jar
2019-05-20 01:26:05.140+0000 INFO [o.n.k.i.DiagnosticsManager]  [classpath + loader.0] file:/C:/Users/64105/.m2/repository/org/neo4j/neo4j-logging/3.3.4/neo4j-logging-3.3.4.jar
2019-05-20 01:26:05.140+0000 INFO [o.n.k.i.DiagnosticsManager]  [classpath + loader.0] file:/C:/Users/64105/.m2/repository/org/eclipse/jetty/jetty-server/9.4.8.v20171121/jetty-server-9.4.8.v20171121.jar
2019-05-20 01:26:05.140+0000 INFO [o.n.k.i.DiagnosticsManager]  [classpath + loader.0] file:/C:/Users/64105/.m2/repository/com/google/guava/guava/24.0-jre/guava-24.0-jre.jar
2019-05-20 01:26:05.140+0000 INFO [o.n.k.i.DiagnosticsManager]  [classpath + loader.0] file:/C:/Users/64105/.m2/repository/org/apache/commons/commons-lang3/3.7/commons-lang3-3.7.jar
2019-05-20 01:26:05.140+0000 INFO [o.n.k.i.DiagnosticsManager]  [classpath + loader.0] file:/C:/Users/64105/.m2/repository/org/neo4j/neo4j-import-tool/3.3.4/neo4j-import-tool-3.3.4.jar
2019-05-20 01:26:05.140+0000 INFO [o.n.k.i.DiagnosticsManager]  [classpath + loader.0] file:/C:/Users/64105/.m2/repository/com/fasterxml/jackson/core/jackson-annotations/2.7.0/jackson-annotations-2.7.0.jar
2019-05-20 01:26:05.140+0000 INFO [o.n.k.i.DiagnosticsManager]  [classpath + loader.0] file:/C:/Users/64105/.m2/repository/org/apiguardian/apiguardian-api/1.0.0/apiguardian-api-1.0.0.jar
2019-05-20 01:26:05.140+0000 INFO [o.n.k.i.DiagnosticsManager]  [classpath + loader.0] file:/C:/Users/64105/.m2/repository/org/neo4j/neo4j-io/3.3.4/neo4j-io-3.3.4.jar
2019-05-20 01:26:05.141+0000 INFO [o.n.k.i.DiagnosticsManager]  [classpath + loader.0] file:/C:/Users/64105/.m2/repository/org/junit/platform/junit-platform-commons/1.3.2/junit-platform-commons-1.3.2.jar
2019-05-20 01:26:05.141+0000 INFO [o.n.k.i.DiagnosticsManager]  [classpath + loader.0] file:/C:/Users/64105/.m2/repository/org/eclipse/jetty/jetty-util/9.4.8.v20171121/jetty-util-9.4.8.v20171121.jar
2019-05-20 01:26:05.141+0000 INFO [o.n.k.i.DiagnosticsManager]  [classpath + loader.0] file:/C:/Users/64105/.m2/repository/org/eclipse/jetty/jetty-servlet/9.4.8.v20171121/jetty-servlet-9.4.8.v20171121.jar
2019-05-20 01:26:05.141+0000 INFO [o.n.k.i.DiagnosticsManager]  [bootstrap] C:\Program Files\Java\jdk1.8.0_161\jre\lib\jce.jar
2019-05-20 01:26:05.141+0000 INFO [o.n.k.i.DiagnosticsManager]  [loader.1] file:/C:/Program%20Files/Java/jdk1.8.0_161/jre/lib/ext/sunmscapi.jar
2019-05-20 01:26:05.141+0000 INFO [o.n.k.i.DiagnosticsManager]  [classpath + loader.0] file:/C:/Users/64105/.m2/repository/org/neo4j/neo4j-consistency-check/3.3.4/neo4j-consistency-check-3.3.4.jar
2019-05-20 01:26:05.141+0000 INFO [o.n.k.i.DiagnosticsManager]  [loader.1] file:/C:/Program%20Files/Java/jdk1.8.0_161/jre/lib/ext/access-bridge-64.jar
2019-05-20 01:26:05.141+0000 INFO [o.n.k.i.DiagnosticsManager]  [classpath + loader.0] file:/C:/Users/64105/.m2/repository/org/neo4j/neo4j-graphdb-api/3.3.4/neo4j-graphdb-api-3.3.4.jar
2019-05-20 01:26:05.141+0000 INFO [o.n.k.i.DiagnosticsManager]  [bootstrap] C:\Program Files\Java\jdk1.8.0_161\jre\lib\charsets.jar
2019-05-20 01:26:05.141+0000 INFO [o.n.k.i.DiagnosticsManager]  [classpath + loader.0] file:/C:/Users/64105/.m2/repository/org/ow2/asm/asm/5.2/asm-5.2.jar
2019-05-20 01:26:05.141+0000 INFO [o.n.k.i.DiagnosticsManager]  [classpath + loader.0] file:/C:/Users/64105/.m2/repository/com/google/errorprone/error_prone_annotations/2.1.3/error_prone_annotations-2.1.3.jar
2019-05-20 01:26:05.141+0000 INFO [o.n.k.i.DiagnosticsManager]  [classpath + loader.0] file:/C:/Users/64105/.m2/repository/org/neo4j/neo4j-ogm-core/3.1.0/neo4j-ogm-core-3.1.0.jar
2019-05-20 01:26:05.141+0000 INFO [o.n.k.i.DiagnosticsManager]  [classpath + loader.0] file:/C:/Users/64105/.m2/repository/org/junit/platform/junit-platform-engine/1.3.2/junit-platform-engine-1.3.2.jar
2019-05-20 01:26:05.141+0000 INFO [o.n.k.i.DiagnosticsManager]  [classpath + loader.0] file:/C:/Users/64105/.m2/repository/org/apache/lucene/lucene-codecs/5.5.0/lucene-codecs-5.5.0.jar
2019-05-20 01:26:05.141+0000 INFO [o.n.k.i.DiagnosticsManager]  [classpath + loader.0] file:/C:/Users/64105/.m2/repository/net/bytebuddy/byte-buddy/1.7.9/byte-buddy-1.7.9.jar
2019-05-20 01:26:05.141+0000 INFO [o.n.k.i.DiagnosticsManager]  [classpath + loader.0] file:/C:/Users/64105/.m2/repository/org/apache/lucene/lucene-queryparser/5.5.0/lucene-queryparser-5.5.0.jar
2019-05-20 01:26:05.141+0000 INFO [o.n.k.i.DiagnosticsManager]  [classpath + loader.0] file:/C:/Users/64105/.m2/repository/org/neo4j/neo4j-codegen/3.3.4/neo4j-codegen-3.3.4.jar
2019-05-20 01:26:05.141+0000 INFO [o.n.k.i.DiagnosticsManager]  [classpath + loader.0] file:/C:/Users/64105/.m2/repository/com/fasterxml/jackson/core/jackson-databind/2.7.1/jackson-databind-2.7.1.jar
2019-05-20 01:26:05.142+0000 INFO [o.n.k.i.DiagnosticsManager]  [loader.1] file:/C:/Program%20Files/Java/jdk1.8.0_161/jre/lib/ext/sunpkcs11.jar
2019-05-20 01:26:05.142+0000 INFO [o.n.k.i.DiagnosticsManager]  [classpath + loader.0] file:/C:/Users/64105/.m2/repository/org/neo4j/neo4j-udc/3.3.4/neo4j-udc-3.3.4.jar
2019-05-20 01:26:05.142+0000 INFO [o.n.k.i.DiagnosticsManager]  [classpath + loader.0] file:/C:/Users/64105/.m2/repository/org/scala-lang/scala-reflect/2.11.12/scala-reflect-2.11.12.jar
2019-05-20 01:26:05.142+0000 INFO [o.n.k.i.DiagnosticsManager]  [classpath + loader.0] file:/C:/Users/64105/.m2/repository/org/parboiled/parboiled-scala_2.11/1.1.7/parboiled-scala_2.11-1.1.7.jar
2019-05-20 01:26:05.142+0000 INFO [o.n.k.i.DiagnosticsManager]  [classpath + loader.0] file:/C:/Users/64105/.m2/repository/org/neo4j/neo4j-resource/3.3.4/neo4j-resource-3.3.4.jar
2019-05-20 01:26:05.142+0000 INFO [o.n.k.i.DiagnosticsManager]  [classpath + loader.0] file:/C:/Users/64105/.m2/repository/org/junit/jupiter/junit-jupiter-engine/5.3.2/junit-jupiter-engine-5.3.2.jar
2019-05-20 01:26:05.142+0000 INFO [o.n.k.i.DiagnosticsManager]  [classpath + loader.0] file:/C:/Users/64105/.m2/repository/org/bouncycastle/bcpkix-jdk15on/1.53/bcpkix-jdk15on-1.53.jar
2019-05-20 01:26:05.142+0000 INFO [o.n.k.i.DiagnosticsManager]  [classpath + loader.0] file:/C:/Users/64105/.m2/repository/com/googlecode/concurrentlinkedhashmap/concurrentlinkedhashmap-lru/1.4.2/concurrentlinkedhashmap-lru-1.4.2.jar
2019-05-20 01:26:05.142+0000 INFO [o.n.k.i.DiagnosticsManager]  [classpath + loader.0] file:/C:/Users/64105/.m2/repository/org/neo4j/neo4j-cypher-compiler-3.3/3.3.4/neo4j-cypher-compiler-3.3-3.3.4.jar
2019-05-20 01:26:05.142+0000 INFO [o.n.k.i.DiagnosticsManager]  [classpath + loader.0] file:/C:/Users/64105/.m2/repository/org/eclipse/jetty/websocket/websocket-api/9.4.8.v20171121/websocket-api-9.4.8.v20171121.jar
2019-05-20 01:26:05.142+0000 INFO [o.n.k.i.DiagnosticsManager]  [classpath + loader.0] file:/C:/Users/64105/.m2/repository/org/neo4j/neo4j-cypher/3.3.4/neo4j-cypher-3.3.4.jar
2019-05-20 01:26:05.142+0000 INFO [o.n.k.i.DiagnosticsManager]  [classpath + loader.0] file:/C:/Users/64105/.m2/repository/net/sf/opencsv/opencsv/2.3/opencsv-2.3.jar
2019-05-20 01:26:05.142+0000 INFO [o.n.k.i.DiagnosticsManager]  [classpath + loader.0] file:/C:/Users/64105/.m2/repository/org/neo4j/neo4j-command-line/3.3.4/neo4j-command-line-3.3.4.jar
2019-05-20 01:26:05.142+0000 INFO [o.n.k.i.DiagnosticsManager]  [classpath + loader.0] file:/C:/Users/64105/.m2/repository/com/google/code/findbugs/jsr305/1.3.9/jsr305-1.3.9.jar
2019-05-20 01:26:05.142+0000 INFO [o.n.k.i.DiagnosticsManager]  [classpath + loader.0] file:/C:/Users/64105/.m2/repository/org/neo4j/neo4j-jmx/3.3.4/neo4j-jmx-3.3.4.jar
2019-05-20 01:26:05.142+0000 INFO [o.n.k.i.DiagnosticsManager]  [classpath + loader.0] file:/C:/Users/64105/.m2/repository/org/eclipse/jetty/jetty-security/9.4.8.v20171121/jetty-security-9.4.8.v20171121.jar
2019-05-20 01:26:05.142+0000 INFO [o.n.k.i.DiagnosticsManager]  [classpath + loader.0] file:/C:/Users/64105/.m2/repository/org/neo4j/neo4j-primitive-collections/3.3.4/neo4j-primitive-collections-3.3.4.jar
2019-05-20 01:26:05.142+0000 INFO [o.n.k.i.DiagnosticsManager]  [classpath + loader.0] file:/C:/Users/64105/.m2/repository/org/apache/commons/commons-compress/1.12/commons-compress-1.12.jar
2019-05-20 01:26:05.143+0000 INFO [o.n.k.i.DiagnosticsManager]  [classpath + loader.0] file:/C:/Users/64105/.m2/repository/io/github/lukehutch/fast-classpath-scanner/2.7.4/fast-classpath-scanner-2.7.4.jar
2019-05-20 01:26:05.143+0000 INFO [o.n.k.i.DiagnosticsManager]  [loader.1] file:/C:/Program%20Files/Java/jdk1.8.0_161/jre/lib/ext/dnsns.jar
2019-05-20 01:26:05.143+0000 INFO [o.n.k.i.DiagnosticsManager]  [classpath + loader.0] file:/C:/Users/64105/.m2/repository/org/neo4j/neo4j-collections/3.3.4/neo4j-collections-3.3.4.jar
2019-05-20 01:26:05.143+0000 INFO [o.n.k.i.DiagnosticsManager]  [classpath + loader.0] file:/C:/Users/64105/.m2/repository/commons-io/commons-io/2.4/commons-io-2.4.jar
2019-05-20 01:26:05.143+0000 INFO [o.n.k.i.DiagnosticsManager]  [bootstrap] C:\Program Files\Java\jdk1.8.0_161\jre\lib\jfr.jar
2019-05-20 01:26:05.143+0000 INFO [o.n.k.i.DiagnosticsManager]  [classpath + loader.0] file:/C:/Users/64105/.m2/repository/org/ow2/asm/asm-tree/5.2/asm-tree-5.2.jar
2019-05-20 01:26:05.143+0000 INFO [o.n.k.i.DiagnosticsManager]  [classpath + loader.0] file:/C:/Users/64105/.m2/repository/org/neo4j/neo4j-values/3.3.4/neo4j-values-3.3.4.jar
2019-05-20 01:26:05.143+0000 INFO [o.n.k.i.DiagnosticsManager]  [classpath + loader.0] file:/C:/Users/64105/.m2/repository/io/netty/netty-all/4.1.21.Final/netty-all-4.1.21.Final.jar
2019-05-20 01:26:05.143+0000 INFO [o.n.k.i.DiagnosticsManager]  [classpath + loader.0] file:/C:/Users/64105/.m2/repository/com/fasterxml/jackson/core/jackson-core/2.7.1/jackson-core-2.7.1.jar
2019-05-20 01:26:05.143+0000 INFO [o.n.k.i.DiagnosticsManager]  [classpath + loader.0] file:/C:/Users/64105/.m2/repository/org/neo4j/neo4j-lucene-index/3.3.4/neo4j-lucene-index-3.3.4.jar
2019-05-20 01:26:05.143+0000 INFO [o.n.k.i.DiagnosticsManager]  [classpath + loader.0] file:/C:/Users/64105/.m2/repository/org/neo4j/neo4j-cypher-logical-plans-3.3/3.3.4/neo4j-cypher-logical-plans-3.3-3.3.4.jar
2019-05-20 01:26:05.143+0000 INFO [o.n.k.i.DiagnosticsManager]  [classpath + loader.0] file:/C:/Users/64105/.m2/repository/com/sparkjava/spark-core/2.7.2/spark-core-2.7.2.jar
2019-05-20 01:26:05.143+0000 INFO [o.n.k.i.DiagnosticsManager]  [classpath + loader.0] file:/C:/Users/64105/Desktop/FIT5171/assignment3/fit5171_2019_22_Ass2/fit5171_2019_22_Ass2/target/classes/
2019-05-20 01:26:05.143+0000 INFO [o.n.k.i.DiagnosticsManager]  [classpath + loader.0] file:/C:/Users/64105/.m2/repository/org/opentest4j/opentest4j/1.1.1/opentest4j-1.1.1.jar
2019-05-20 01:26:05.143+0000 INFO [o.n.k.i.DiagnosticsManager] Library path:
2019-05-20 01:26:05.144+0000 INFO [o.n.k.i.DiagnosticsManager] C:\Program Files\Java\jdk1.8.0_161\bin
2019-05-20 01:26:05.144+0000 INFO [o.n.k.i.DiagnosticsManager] C:\Windows\Sun\Java\bin
2019-05-20 01:26:05.144+0000 INFO [o.n.k.i.DiagnosticsManager] C:\Windows\System32
2019-05-20 01:26:05.144+0000 INFO [o.n.k.i.DiagnosticsManager] C:\Windows
2019-05-20 01:26:05.145+0000 INFO [o.n.k.i.DiagnosticsManager] C:\ProgramData\Oracle\Java\javapath
2019-05-20 01:26:05.145+0000 INFO [o.n.k.i.DiagnosticsManager] C:\Program Files (x86)\Intel\iCLS Client
2019-05-20 01:26:05.146+0000 INFO [o.n.k.i.DiagnosticsManager] C:\Program Files\Intel\iCLS Client
2019-05-20 01:26:05.146+0000 INFO [o.n.k.i.DiagnosticsManager] C:\Windows\System32
2019-05-20 01:26:05.146+0000 INFO [o.n.k.i.DiagnosticsManager] C:\Windows
2019-05-20 01:26:05.147+0000 INFO [o.n.k.i.DiagnosticsManager] C:\Windows\System32\wbem
2019-05-20 01:26:05.147+0000 INFO [o.n.k.i.DiagnosticsManager] C:\Windows\System32\WindowsPowerShell\v1.0
2019-05-20 01:26:05.147+0000 INFO [o.n.k.i.DiagnosticsManager] C:\Program Files (x86)\NVIDIA Corporation\PhysX\Common
2019-05-20 01:26:05.148+0000 INFO [o.n.k.i.DiagnosticsManager] C:\Windows\System32
2019-05-20 01:26:05.148+0000 INFO [o.n.k.i.DiagnosticsManager] C:\Windows
2019-05-20 01:26:05.148+0000 INFO [o.n.k.i.DiagnosticsManager] C:\Windows\System32\wbem
2019-05-20 01:26:05.149+0000 INFO [o.n.k.i.DiagnosticsManager] C:\Windows\System32\WindowsPowerShell\v1.0
2019-05-20 01:26:05.149+0000 INFO [o.n.k.i.DiagnosticsManager] C:\Program Files (x86)\Intel\Intel(R) Management Engine Components\DAL
2019-05-20 01:26:05.150+0000 INFO [o.n.k.i.DiagnosticsManager] C:\Program Files\Intel\Intel(R) Management Engine Components\DAL
2019-05-20 01:26:05.150+0000 INFO [o.n.k.i.DiagnosticsManager] C:\Program Files (x86)\Intel\Intel(R) Management Engine Components\IPT
2019-05-20 01:26:05.150+0000 INFO [o.n.k.i.DiagnosticsManager] C:\Program Files\Intel\Intel(R) Management Engine Components\IPT
2019-05-20 01:26:05.151+0000 INFO [o.n.k.i.DiagnosticsManager] C:\Program Files\PuTTY
2019-05-20 01:26:05.151+0000 INFO [o.n.k.i.DiagnosticsManager] C:\Windows\System32\OpenSSH
2019-05-20 01:26:05.151+0000 INFO [o.n.k.i.DiagnosticsManager] C:\Program Files\dotnet
2019-05-20 01:26:05.152+0000 INFO [o.n.k.i.DiagnosticsManager] C:\Program Files\Microsoft SQL Server\130\Tools\Binn
2019-05-20 01:26:05.153+0000 INFO [o.n.k.i.DiagnosticsManager] C:\Program Files\Microsoft VS Code\bin
2019-05-20 01:26:05.153+0000 INFO [o.n.k.i.DiagnosticsManager] C:\Program Files\Intel\WiFi\bin
2019-05-20 01:26:05.153+0000 INFO [o.n.k.i.DiagnosticsManager] C:\Program Files\Common Files\Intel\WirelessCommon
2019-05-20 01:26:05.154+0000 INFO [o.n.k.i.DiagnosticsManager] C:\Program Files\NVIDIA Corporation\NVIDIA NvDLISR
2019-05-20 01:26:05.154+0000 INFO [o.n.k.i.DiagnosticsManager] C:\Program Files\Java\jdk1.8.0_161\bin
2019-05-20 01:26:05.154+0000 INFO [o.n.k.i.DiagnosticsManager] C:\Program Files\apache-maven-3.6.0\bin
2019-05-20 01:26:05.155+0000 INFO [o.n.k.i.DiagnosticsManager] C:\Users\64105\Desktop\FIT5171\assignment3\fit5171_2019_22_Ass2\fit5171_2019_22_Ass2\%JAVA_HOME%\jre\bin
2019-05-20 01:26:05.155+0000 INFO [o.n.k.i.DiagnosticsManager] D:\Git\cmd
2019-05-20 01:26:05.156+0000 INFO [o.n.k.i.DiagnosticsManager] C:\Users\64105\AppData\Local\Microsoft\WindowsApps
2019-05-20 01:26:05.157+0000 INFO [o.n.k.i.DiagnosticsManager] C:\Users\64105\Desktop\FIT5171\assignment3\fit5171_2019_22_Ass2\fit5171_2019_22_Ass2
2019-05-20 01:26:05.157+0000 INFO [o.n.k.i.DiagnosticsManager] D:\intellijIDE\IntelliJ IDEA Community Edition 2018.3.5\bin
2019-05-20 01:26:05.157+0000 INFO [o.n.k.i.DiagnosticsManager] C:\Users\64105\Desktop\FIT5171\assignment3\fit5171_2019_22_Ass2\fit5171_2019_22_Ass2
2019-05-20 01:26:05.157+0000 INFO [o.n.k.i.DiagnosticsManager] D:\intellij utimate\IntelliJ IDEA 2018.3.5\bin
2019-05-20 01:26:05.157+0000 INFO [o.n.k.i.DiagnosticsManager] C:\Users\64105\Desktop\FIT5171\assignment3\fit5171_2019_22_Ass2\fit5171_2019_22_Ass2
2019-05-20 01:26:05.158+0000 INFO [o.n.k.i.DiagnosticsManager] C:\Users\64105\Desktop\FIT5171\assignment3\fit5171_2019_22_Ass2\fit5171_2019_22_Ass2
2019-05-20 01:26:05.158+0000 INFO [o.n.k.i.DiagnosticsManager] System.properties:
2019-05-20 01:26:05.158+0000 INFO [o.n.k.i.DiagnosticsManager] sun.boot.library.path = C:\Program Files\Java\jdk1.8.0_161\jre\bin
2019-05-20 01:26:05.158+0000 INFO [o.n.k.i.DiagnosticsManager] path.separator = ;
2019-05-20 01:26:05.158+0000 INFO [o.n.k.i.DiagnosticsManager] file.encoding.pkg = sun.io
2019-05-20 01:26:05.158+0000 INFO [o.n.k.i.DiagnosticsManager] user.country = CN
2019-05-20 01:26:05.158+0000 INFO [o.n.k.i.DiagnosticsManager] user.script = 
2019-05-20 01:26:05.158+0000 INFO [o.n.k.i.DiagnosticsManager] sun.java.launcher = SUN_STANDARD
2019-05-20 01:26:05.158+0000 INFO [o.n.k.i.DiagnosticsManager] sun.os.patch.level = 
2019-05-20 01:26:05.158+0000 INFO [o.n.k.i.DiagnosticsManager] user.dir = C:\Users\64105\Desktop\FIT5171\assignment3\fit5171_2019_22_Ass2\fit5171_2019_22_Ass2
2019-05-20 01:26:05.158+0000 INFO [o.n.k.i.DiagnosticsManager] user.variant = 
2019-05-20 01:26:05.158+0000 INFO [o.n.k.i.DiagnosticsManager] sun.jnu.encoding = GBK
2019-05-20 01:26:05.158+0000 INFO [o.n.k.i.DiagnosticsManager] sun.management.compiler = HotSpot 64-Bit Tiered Compilers
2019-05-20 01:26:05.158+0000 INFO [o.n.k.i.DiagnosticsManager] user.home = C:\Users\64105
2019-05-20 01:26:05.159+0000 INFO [o.n.k.i.DiagnosticsManager] user.timezone = Australia/Sydney
2019-05-20 01:26:05.159+0000 INFO [o.n.k.i.DiagnosticsManager] file.encoding = GBK
2019-05-20 01:26:05.159+0000 INFO [o.n.k.i.DiagnosticsManager] user.name = 64105
2019-05-20 01:26:05.159+0000 INFO [o.n.k.i.DiagnosticsManager] sun.java.command = rockets.web.App
2019-05-20 01:26:05.159+0000 INFO [o.n.k.i.DiagnosticsManager] sun.arch.data.model = 64
2019-05-20 01:26:05.159+0000 INFO [o.n.k.i.DiagnosticsManager] user.language = zh
2019-05-20 01:26:05.159+0000 INFO [o.n.k.i.DiagnosticsManager] awt.toolkit = sun.awt.windows.WToolkit
2019-05-20 01:26:05.159+0000 INFO [o.n.k.i.DiagnosticsManager] file.separator = \
2019-05-20 01:26:05.159+0000 INFO [o.n.k.i.DiagnosticsManager] sun.io.unicode.encoding = UnicodeLittle
2019-05-20 01:26:05.159+0000 INFO [o.n.k.i.DiagnosticsManager] sun.cpu.endian = little
2019-05-20 01:26:05.159+0000 INFO [o.n.k.i.DiagnosticsManager] sun.desktop = windows
2019-05-20 01:26:05.159+0000 INFO [o.n.k.i.DiagnosticsManager] sun.cpu.isalist = amd64
2019-05-20 01:26:05.159+0000 INFO [o.n.k.i.DiagnosticsManager] Network information:
2019-05-20 01:26:05.322+0000 INFO [o.n.k.i.DiagnosticsManager] Interface Software Loopback Interface 1:
2019-05-20 01:26:05.322+0000 INFO [o.n.k.i.DiagnosticsManager]     address: 127.0.0.1
2019-05-20 01:26:05.322+0000 INFO [o.n.k.i.DiagnosticsManager]     address: 0:0:0:0:0:0:0:1
2019-05-20 01:26:05.322+0000 INFO [o.n.k.i.DiagnosticsManager] Interface Microsoft 6to4 Adapter:
2019-05-20 01:26:05.322+0000 INFO [o.n.k.i.DiagnosticsManager] Interface VMware Virtual Ethernet Adapter for VMnet1:
2019-05-20 01:26:05.323+0000 INFO [o.n.k.i.DiagnosticsManager]     address: 192.168.209.1
2019-05-20 01:26:05.323+0000 INFO [o.n.k.i.DiagnosticsManager]     address: fe80:0:0:0:d917:cfd2:9fc5:778%eth0
2019-05-20 01:26:05.323+0000 INFO [o.n.k.i.DiagnosticsManager] Interface WAN Miniport (IPv6):
2019-05-20 01:26:05.323+0000 INFO [o.n.k.i.DiagnosticsManager] Interface Microsoft IP-HTTPS Platform Adapter:
2019-05-20 01:26:05.323+0000 INFO [o.n.k.i.DiagnosticsManager] Interface Microsoft Wi-Fi Direct Virtual Adapter:
2019-05-20 01:26:05.323+0000 INFO [o.n.k.i.DiagnosticsManager]     address: fe80:0:0:0:55c1:bf94:eb94:c5c9%wlan0
2019-05-20 01:26:05.323+0000 INFO [o.n.k.i.DiagnosticsManager] Interface WAN Miniport (L2TP):
2019-05-20 01:26:05.323+0000 INFO [o.n.k.i.DiagnosticsManager] Interface VirtualBox Host-Only Ethernet Adapter:
2019-05-20 01:26:05.323+0000 INFO [o.n.k.i.DiagnosticsManager] Interface WAN Miniport (PPPOE):
2019-05-20 01:26:05.323+0000 INFO [o.n.k.i.DiagnosticsManager] Interface WAN Miniport (IP):
2019-05-20 01:26:05.323+0000 INFO [o.n.k.i.DiagnosticsManager] Interface Microsoft Kernel Debug Network Adapter:
2019-05-20 01:26:05.323+0000 INFO [o.n.k.i.DiagnosticsManager] Interface Microsoft Teredo Tunneling Adapter:
2019-05-20 01:26:05.323+0000 INFO [o.n.k.i.DiagnosticsManager] Interface WAN Miniport (IKEv2):
2019-05-20 01:26:05.323+0000 INFO [o.n.k.i.DiagnosticsManager] Interface Bluetooth Device (Personal Area Network):
2019-05-20 01:26:05.323+0000 INFO [o.n.k.i.DiagnosticsManager] Interface Intel(R) Dual Band Wireless-AC 7265:
2019-05-20 01:26:05.323+0000 INFO [o.n.k.i.DiagnosticsManager]     address: 118.138.70.9
2019-05-20 01:26:05.323+0000 INFO [o.n.k.i.DiagnosticsManager]     address: fe80:0:0:0:a0c8:64de:f995:f33f%wlan1
2019-05-20 01:26:05.323+0000 INFO [o.n.k.i.DiagnosticsManager] Interface Bluetooth Device (Personal Area Network) #2:
2019-05-20 01:26:05.323+0000 INFO [o.n.k.i.DiagnosticsManager]     address: fe80:0:0:0:c401:31e0:1282:32d9%eth6
2019-05-20 01:26:05.324+0000 INFO [o.n.k.i.DiagnosticsManager] Interface Realtek PCIe GBE Family Controller:
2019-05-20 01:26:05.324+0000 INFO [o.n.k.i.DiagnosticsManager]     address: fe80:0:0:0:c0c2:7953:1024:f4ab%eth7
2019-05-20 01:26:05.324+0000 INFO [o.n.k.i.DiagnosticsManager] Interface Microsoft Wi-Fi Direct Virtual Adapter #2:
2019-05-20 01:26:05.324+0000 INFO [o.n.k.i.DiagnosticsManager]     address: fe80:0:0:0:9563:3c8b:9009:839%wlan2
2019-05-20 01:26:05.324+0000 INFO [o.n.k.i.DiagnosticsManager] Interface VMware Virtual Ethernet Adapter for VMnet8:
2019-05-20 01:26:05.324+0000 INFO [o.n.k.i.DiagnosticsManager]     address: 192.168.30.1
2019-05-20 01:26:05.324+0000 INFO [o.n.k.i.DiagnosticsManager]     address: fe80:0:0:0:1da9:65a4:e261:74a6%eth8
2019-05-20 01:26:05.324+0000 INFO [o.n.k.i.DiagnosticsManager] Interface WAN Miniport (Network Monitor):
2019-05-20 01:26:05.324+0000 INFO [o.n.k.i.DiagnosticsManager] Interface WAN Miniport (SSTP):
2019-05-20 01:26:05.324+0000 INFO [o.n.k.i.DiagnosticsManager] Interface VirtualBox Host-Only Ethernet Adapter #2:
2019-05-20 01:26:05.324+0000 INFO [o.n.k.i.DiagnosticsManager]     address: 192.168.56.1
2019-05-20 01:26:05.324+0000 INFO [o.n.k.i.DiagnosticsManager]     address: fe80:0:0:0:88f8:5b0b:5c33:cdae%eth10
2019-05-20 01:26:05.324+0000 INFO [o.n.k.i.DiagnosticsManager] Interface WAN Miniport (PPTP):
2019-05-20 01:26:05.324+0000 INFO [o.n.k.i.DiagnosticsManager] Interface Bluetooth Device (RFCOMM Protocol TDI):
2019-05-20 01:26:05.324+0000 INFO [o.n.k.i.DiagnosticsManager] Interface Cisco AnyConnect Secure Mobility Client Virtual Miniport Adapter for Windows x64:
2019-05-20 01:26:05.324+0000 INFO [o.n.k.i.DiagnosticsManager] Interface VirtualBox Host-Only Ethernet Adapter #2-WFP Native MAC Layer LightWeight Filter-0000:
2019-05-20 01:26:05.324+0000 INFO [o.n.k.i.DiagnosticsManager] Interface VirtualBox Host-Only Ethernet Adapter #2-QoS Packet Scheduler-0000:
2019-05-20 01:26:05.324+0000 INFO [o.n.k.i.DiagnosticsManager] Interface VirtualBox Host-Only Ethernet Adapter #2-WFP 802.3 MAC Layer LightWeight Filter-0000:
2019-05-20 01:26:05.324+0000 INFO [o.n.k.i.DiagnosticsManager] Interface Realtek PCIe GBE Family Controller-WFP Native MAC Layer LightWeight Filter-0000:
2019-05-20 01:26:05.324+0000 INFO [o.n.k.i.DiagnosticsManager] Interface Realtek PCIe GBE Family Controller-VirtualBox NDIS Light-Weight Filter-0000:
2019-05-20 01:26:05.324+0000 INFO [o.n.k.i.DiagnosticsManager] Interface Realtek PCIe GBE Family Controller-QoS Packet Scheduler-0000:
2019-05-20 01:26:05.324+0000 INFO [o.n.k.i.DiagnosticsManager] Interface Realtek PCIe GBE Family Controller-WFP 802.3 MAC Layer LightWeight Filter-0000:
2019-05-20 01:26:05.324+0000 INFO [o.n.k.i.DiagnosticsManager] Interface Intel(R) Dual Band Wireless-AC 7265-WFP Native MAC Layer LightWeight Filter-0000:
2019-05-20 01:26:05.324+0000 INFO [o.n.k.i.DiagnosticsManager] Interface Intel(R) Dual Band Wireless-AC 7265-Virtual WiFi Filter Driver-0000:
2019-05-20 01:26:05.325+0000 INFO [o.n.k.i.DiagnosticsManager] Interface Intel(R) Dual Band Wireless-AC 7265-Native WiFi Filter Driver-0000:
2019-05-20 01:26:05.325+0000 INFO [o.n.k.i.DiagnosticsManager] Interface Intel(R) Dual Band Wireless-AC 7265-VirtualBox NDIS Light-Weight Filter-0000:
2019-05-20 01:26:05.325+0000 INFO [o.n.k.i.DiagnosticsManager] Interface Intel(R) Dual Band Wireless-AC 7265-QoS Packet Scheduler-0000:
2019-05-20 01:26:05.325+0000 INFO [o.n.k.i.DiagnosticsManager] Interface Intel(R) Dual Band Wireless-AC 7265-WFP 802.3 MAC Layer LightWeight Filter-0000:
2019-05-20 01:26:05.325+0000 INFO [o.n.k.i.DiagnosticsManager] Interface WAN Miniport (IP)-WFP Native MAC Layer LightWeight Filter-0000:
2019-05-20 01:26:05.325+0000 INFO [o.n.k.i.DiagnosticsManager] Interface WAN Miniport (IP)-QoS Packet Scheduler-0000:
2019-05-20 01:26:05.325+0000 INFO [o.n.k.i.DiagnosticsManager] Interface WAN Miniport (IPv6)-WFP Native MAC Layer LightWeight Filter-0000:
2019-05-20 01:26:05.325+0000 INFO [o.n.k.i.DiagnosticsManager] Interface WAN Miniport (IPv6)-QoS Packet Scheduler-0000:
2019-05-20 01:26:05.325+0000 INFO [o.n.k.i.DiagnosticsManager] Interface WAN Miniport (Network Monitor)-WFP Native MAC Layer LightWeight Filter-0000:
2019-05-20 01:26:05.325+0000 INFO [o.n.k.i.DiagnosticsManager] Interface WAN Miniport (Network Monitor)-QoS Packet Scheduler-0000:
2019-05-20 01:26:05.325+0000 INFO [o.n.k.i.DiagnosticsManager] Interface Microsoft Wi-Fi Direct Virtual Adapter-WFP Native MAC Layer LightWeight Filter-0000:
2019-05-20 01:26:05.325+0000 INFO [o.n.k.i.DiagnosticsManager] Interface Microsoft Wi-Fi Direct Virtual Adapter-Native WiFi Filter Driver-0000:
2019-05-20 01:26:05.325+0000 INFO [o.n.k.i.DiagnosticsManager] Interface Microsoft Wi-Fi Direct Virtual Adapter-VirtualBox NDIS Light-Weight Filter-0000:
2019-05-20 01:26:05.325+0000 INFO [o.n.k.i.DiagnosticsManager] Interface Microsoft Wi-Fi Direct Virtual Adapter-QoS Packet Scheduler-0000:
2019-05-20 01:26:05.325+0000 INFO [o.n.k.i.DiagnosticsManager] Interface Microsoft Wi-Fi Direct Virtual Adapter-WFP 802.3 MAC Layer LightWeight Filter-0000:
2019-05-20 01:26:05.325+0000 INFO [o.n.k.i.DiagnosticsManager] Interface Microsoft Wi-Fi Direct Virtual Adapter #2-WFP Native MAC Layer LightWeight Filter-0000:
2019-05-20 01:26:05.325+0000 INFO [o.n.k.i.DiagnosticsManager] Interface Microsoft Wi-Fi Direct Virtual Adapter #2-Native WiFi Filter Driver-0000:
2019-05-20 01:26:05.325+0000 INFO [o.n.k.i.DiagnosticsManager] Interface Microsoft Wi-Fi Direct Virtual Adapter #2-VirtualBox NDIS Light-Weight Filter-0000:
2019-05-20 01:26:05.325+0000 INFO [o.n.k.i.DiagnosticsManager] Interface Microsoft Wi-Fi Direct Virtual Adapter #2-QoS Packet Scheduler-0000:
2019-05-20 01:26:05.325+0000 INFO [o.n.k.i.DiagnosticsManager] Interface Microsoft Wi-Fi Direct Virtual Adapter #2-WFP 802.3 MAC Layer LightWeight Filter-0000:
2019-05-20 01:26:05.326+0000 INFO [o.n.k.i.DiagnosticsManager] --- INITIALIZED diagnostics END ---
2019-05-20 01:26:05.397+0000 INFO [o.n.k.i.s.f.RecordFormatSelector] Selected format 'RecordFormat:StandardV3_2[v0.A.8]' for the new store
2019-05-20 01:26:06.069+0000 INFO [o.n.k.i.a.i.IndexingService] IndexingService.init: indexes not specifically mentioned above are null
2019-05-20 01:26:06.073+0000 INFO [o.n.k.i.i.l.NativeLabelScanStore] No scan store found, this might just be first use. Preparing to rebuild.
2019-05-20 01:26:06.116+0000 INFO [o.n.k.NeoStoreDataSource] Opened logical log [C:\Users\64105\Desktop\FIT5171\assignment3\fit5171_2019_22_Ass2\fit5171_2019_22_Ass2\target\rockets\neostore.transaction.db.0] version=0, lastTxId=1 (clean)
2019-05-20 01:26:06.117+0000 INFO [o.n.k.NeoStoreDataSource] No commits found after last check point (which is at <no log position given>)
2019-05-20 01:26:06.124+0000 WARN [o.n.k.i.s.MetaDataStore] Missing counts store, rebuilding it.
2019-05-20 01:26:06.234+0000 WARN [o.n.k.i.s.MetaDataStore] Counts store rebuild completed.
2019-05-20 01:26:06.250+0000 INFO [o.n.k.i.a.i.IndexingService] IndexingService.start: indexes not specifically mentioned above are null
2019-05-20 01:26:06.251+0000 INFO [o.n.k.i.i.l.NativeLabelScanStore] Rebuilding scan store, this may take a while
2019-05-20 01:26:06.263+0000 INFO [o.n.k.i.i.l.NativeLabelScanStore] Scan store rebuilt (roughly 0 nodes)
2019-05-20 01:26:06.267+0000 INFO [o.n.k.i.DatabaseHealth] Database health set to OK
2019-05-20 01:26:06.620+0000 INFO [o.n.k.AvailabilityGuard] Fulfilling of requirement makes database available: Database available
2019-05-20 01:26:06.621+0000 INFO [o.n.k.i.f.GraphDatabaseFacadeFactory] Database is now ready
2019-05-20 01:26:06.622+0000 INFO [o.n.k.i.DiagnosticsManager] --- STARTED diagnostics for KernelDiagnostics:Versions START ---
2019-05-20 01:26:06.623+0000 INFO [o.n.k.i.DiagnosticsManager] Graph Database: community single StoreId{creationTime=1558315565747, randomId=-2465248254864515335, storeVersion=15813456178476550, upgradeTime=1558315565747, upgradeId=1}
2019-05-20 01:26:06.623+0000 INFO [o.n.k.i.DiagnosticsManager] Kernel version: 3.3.4,a97930c567060dad961d7c06c8f225dcb15582f3
2019-05-20 01:26:06.623+0000 INFO [o.n.k.i.DiagnosticsManager] --- STARTED diagnostics for KernelDiagnostics:Versions END ---
2019-05-20 01:26:06.625+0000 INFO [o.n.k.i.DiagnosticsManager] --- STARTED diagnostics for NEO_STORE_VERSIONS START ---
2019-05-20 01:26:06.625+0000 INFO [o.n.k.i.DiagnosticsManager] Store versions:
2019-05-20 01:26:06.626+0000 INFO [o.n.k.i.DiagnosticsManager] Store versions:
2019-05-20 01:26:06.626+0000 INFO [o.n.k.i.DiagnosticsManager]   ArrayPropertyStore v0.A.8
2019-05-20 01:26:06.626+0000 INFO [o.n.k.i.DiagnosticsManager]   NodeStore v0.A.8
2019-05-20 01:26:06.626+0000 INFO [o.n.k.i.DiagnosticsManager]   StringPropertyStore v0.A.8
2019-05-20 01:26:06.627+0000 INFO [o.n.k.i.DiagnosticsManager]   PropertyIndexStore v0.A.8
2019-05-20 01:26:06.627+0000 INFO [o.n.k.i.DiagnosticsManager]   StringPropertyStore v0.A.8
2019-05-20 01:26:06.627+0000 INFO [o.n.k.i.DiagnosticsManager]   ArrayPropertyStore v0.A.8
2019-05-20 01:26:06.628+0000 INFO [o.n.k.i.DiagnosticsManager]   PropertyStore v0.A.8
2019-05-20 01:26:06.628+0000 INFO [o.n.k.i.DiagnosticsManager]   RelationshipStore v0.A.8
2019-05-20 01:26:06.628+0000 INFO [o.n.k.i.DiagnosticsManager]   StringPropertyStore v0.A.8
2019-05-20 01:26:06.628+0000 INFO [o.n.k.i.DiagnosticsManager]   RelationshipTypeStore v0.A.8
2019-05-20 01:26:06.629+0000 INFO [o.n.k.i.DiagnosticsManager]   StringPropertyStore v0.A.8
2019-05-20 01:26:06.629+0000 INFO [o.n.k.i.DiagnosticsManager]   LabelTokenStore v0.A.8
2019-05-20 01:26:06.629+0000 INFO [o.n.k.i.DiagnosticsManager]   SchemaStore v0.A.8
2019-05-20 01:26:06.629+0000 INFO [o.n.k.i.DiagnosticsManager]   RelationshipGroupStore v0.A.8
2019-05-20 01:26:06.630+0000 INFO [o.n.k.i.DiagnosticsManager]   NeoStore v0.A.8
2019-05-20 01:26:06.630+0000 INFO [o.n.k.i.DiagnosticsManager] --- STARTED diagnostics for NEO_STORE_VERSIONS END ---
2019-05-20 01:26:06.630+0000 INFO [o.n.k.i.DiagnosticsManager] --- STARTED diagnostics for NEO_STORE_ID_USAGE START ---
2019-05-20 01:26:06.630+0000 INFO [o.n.k.i.DiagnosticsManager] Id usage:
2019-05-20 01:26:06.631+0000 INFO [o.n.k.i.DiagnosticsManager] Id usage:
2019-05-20 01:26:06.631+0000 INFO [o.n.k.i.DiagnosticsManager]   ArrayPropertyStore: used=1 high=0
2019-05-20 01:26:06.631+0000 INFO [o.n.k.i.DiagnosticsManager]   NodeStore: used=0 high=-1
2019-05-20 01:26:06.632+0000 INFO [o.n.k.i.DiagnosticsManager]   StringPropertyStore: used=1 high=0
2019-05-20 01:26:06.632+0000 INFO [o.n.k.i.DiagnosticsManager]   PropertyIndexStore: used=0 high=-1
2019-05-20 01:26:06.632+0000 INFO [o.n.k.i.DiagnosticsManager]   StringPropertyStore: used=1 high=0
2019-05-20 01:26:06.633+0000 INFO [o.n.k.i.DiagnosticsManager]   ArrayPropertyStore: used=1 high=0
2019-05-20 01:26:06.633+0000 INFO [o.n.k.i.DiagnosticsManager]   PropertyStore: used=0 high=-1
2019-05-20 01:26:06.633+0000 INFO [o.n.k.i.DiagnosticsManager]   RelationshipStore: used=0 high=-1
2019-05-20 01:26:06.633+0000 INFO [o.n.k.i.DiagnosticsManager]   StringPropertyStore: used=1 high=0
2019-05-20 01:26:06.634+0000 INFO [o.n.k.i.DiagnosticsManager]   RelationshipTypeStore: used=0 high=-1
2019-05-20 01:26:06.634+0000 INFO [o.n.k.i.DiagnosticsManager]   StringPropertyStore: used=1 high=0
2019-05-20 01:26:06.634+0000 INFO [o.n.k.i.DiagnosticsManager]   LabelTokenStore: used=0 high=-1
2019-05-20 01:26:06.634+0000 INFO [o.n.k.i.DiagnosticsManager]   SchemaStore: used=1 high=0
2019-05-20 01:26:06.635+0000 INFO [o.n.k.i.DiagnosticsManager]   RelationshipGroupStore: used=1 high=0
2019-05-20 01:26:06.635+0000 INFO [o.n.k.i.DiagnosticsManager]   NeoStore: used=15 high=14
2019-05-20 01:26:06.635+0000 INFO [o.n.k.i.DiagnosticsManager] --- STARTED diagnostics for NEO_STORE_ID_USAGE END ---
2019-05-20 01:26:06.636+0000 INFO [o.n.k.i.DiagnosticsManager] --- STARTED diagnostics for NEO_STORE_RECORDS START ---
2019-05-20 01:26:06.636+0000 INFO [o.n.k.i.DiagnosticsManager] Neostore records:
2019-05-20 01:26:06.637+0000 INFO [o.n.k.i.DiagnosticsManager] TIME (Creation time): 1558315565747
2019-05-20 01:26:06.637+0000 INFO [o.n.k.i.DiagnosticsManager] RANDOM_NUMBER (Random number for store id): -2465248254864515335
2019-05-20 01:26:06.638+0000 INFO [o.n.k.i.DiagnosticsManager] LOG_VERSION (Current log version): 0
2019-05-20 01:26:06.638+0000 INFO [o.n.k.i.DiagnosticsManager] LAST_TRANSACTION_ID (Last committed transaction): 1
2019-05-20 01:26:06.638+0000 INFO [o.n.k.i.DiagnosticsManager] STORE_VERSION (Store format version): 15813456178476550
2019-05-20 01:26:06.639+0000 INFO [o.n.k.i.DiagnosticsManager] FIRST_GRAPH_PROPERTY (First property record containing graph properties): -1
2019-05-20 01:26:06.639+0000 INFO [o.n.k.i.DiagnosticsManager] LAST_CONSTRAINT_TRANSACTION (Last committed transaction containing constraint changes): 0
2019-05-20 01:26:06.639+0000 INFO [o.n.k.i.DiagnosticsManager] UPGRADE_TRANSACTION_ID (Transaction id most recent upgrade was performed at): 1
2019-05-20 01:26:06.640+0000 INFO [o.n.k.i.DiagnosticsManager] UPGRADE_TIME (Time of last upgrade): 1558315565747
2019-05-20 01:26:06.640+0000 INFO [o.n.k.i.DiagnosticsManager] LAST_TRANSACTION_CHECKSUM (Checksum of last committed transaction): 0
2019-05-20 01:26:06.640+0000 INFO [o.n.k.i.DiagnosticsManager] UPGRADE_TRANSACTION_CHECKSUM (Checksum of transaction id the most recent upgrade was performed at): 0
2019-05-20 01:26:06.641+0000 INFO [o.n.k.i.DiagnosticsManager] LAST_CLOSED_TRANSACTION_LOG_VERSION (Log version where the last transaction commit entry has been written into): 0
2019-05-20 01:26:06.641+0000 INFO [o.n.k.i.DiagnosticsManager] LAST_CLOSED_TRANSACTION_LOG_BYTE_OFFSET (Byte offset in the log file where the last transaction commit entry has been written into): 16
2019-05-20 01:26:06.641+0000 INFO [o.n.k.i.DiagnosticsManager] LAST_TRANSACTION_COMMIT_TIMESTAMP (Commit time timestamp for last committed transaction): 0
2019-05-20 01:26:06.642+0000 INFO [o.n.k.i.DiagnosticsManager] UPGRADE_TRANSACTION_COMMIT_TIMESTAMP (Commit timestamp of transaction the most recent upgrade was performed at): 0
2019-05-20 01:26:06.642+0000 INFO [o.n.k.i.DiagnosticsManager] --- STARTED diagnostics for NEO_STORE_RECORDS END ---
2019-05-20 01:26:06.643+0000 INFO [o.n.k.i.DiagnosticsManager] --- STARTED diagnostics for TRANSACTION_RANGE START ---
2019-05-20 01:26:06.644+0000 INFO [o.n.k.i.DiagnosticsManager] Transaction log:
2019-05-20 01:26:06.645+0000 INFO [o.n.k.i.DiagnosticsManager] No transactions found in any log
2019-05-20 01:26:06.646+0000 INFO [o.n.k.i.DiagnosticsManager] --- STARTED diagnostics for TRANSACTION_RANGE END ---
2019-05-20 01:26:06.647+0000 INFO [o.n.k.i.DiagnosticsManager] --- STARTED diagnostics for KernelDiagnostics:StoreFiles START ---
2019-05-20 01:26:06.652+0000 INFO [o.n.k.i.DiagnosticsManager] Disk space on partition (Total / Free / Free %): 125866942464 / 9406418944 / 7
2019-05-20 01:26:06.652+0000 INFO [o.n.k.i.DiagnosticsManager] Storage files: (filename : modification date - size)
2019-05-20 01:26:06.654+0000 INFO [o.n.k.i.DiagnosticsManager]   index:
2019-05-20 01:26:06.655+0000 INFO [o.n.k.i.DiagnosticsManager]   - Total: 2019-05-20T11:26:06+1000 - 0.00 B
2019-05-20 01:26:06.655+0000 INFO [o.n.k.i.DiagnosticsManager]   logs:
2019-05-20 01:26:06.658+0000 INFO [o.n.k.i.DiagnosticsManager]     debug.log: 2019-05-20T11:26:04+1000 - 52.50 kB
2019-05-20 01:26:06.661+0000 INFO [o.n.k.i.DiagnosticsManager]   - Total: 2019-05-20T11:26:04+1000 - 52.50 kB
2019-05-20 01:26:06.662+0000 INFO [o.n.k.i.DiagnosticsManager]   neostore: 2019-05-20T11:26:05+1000 - 8.00 kB
2019-05-20 01:26:06.663+0000 INFO [o.n.k.i.DiagnosticsManager]   neostore.counts.db.a: 2019-05-20T11:26:06+1000 - 96.00 B
2019-05-20 01:26:06.665+0000 INFO [o.n.k.i.DiagnosticsManager]   neostore.id: 2019-05-20T11:26:05+1000 - 9.00 B
2019-05-20 01:26:06.666+0000 INFO [o.n.k.i.DiagnosticsManager]   neostore.labelscanstore.db: 2019-05-20T11:26:06+1000 - 40.00 kB
2019-05-20 01:26:06.667+0000 INFO [o.n.k.i.DiagnosticsManager]   neostore.labeltokenstore.db: 2019-05-20T11:26:05+1000 - 0.00 B
2019-05-20 01:26:06.668+0000 INFO [o.n.k.i.DiagnosticsManager]   neostore.labeltokenstore.db.id: 2019-05-20T11:26:05+1000 - 9.00 B
2019-05-20 01:26:06.669+0000 INFO [o.n.k.i.DiagnosticsManager]   neostore.labeltokenstore.db.names: 2019-05-20T11:26:05+1000 - 8.00 kB
2019-05-20 01:26:06.669+0000 INFO [o.n.k.i.DiagnosticsManager]   neostore.labeltokenstore.db.names.id: 2019-05-20T11:26:05+1000 - 9.00 B
2019-05-20 01:26:06.670+0000 INFO [o.n.k.i.DiagnosticsManager]   neostore.nodestore.db: 2019-05-20T11:26:05+1000 - 0.00 B
2019-05-20 01:26:06.671+0000 INFO [o.n.k.i.DiagnosticsManager]   neostore.nodestore.db.id: 2019-05-20T11:26:05+1000 - 9.00 B
2019-05-20 01:26:06.672+0000 INFO [o.n.k.i.DiagnosticsManager]   neostore.nodestore.db.labels: 2019-05-20T11:26:05+1000 - 8.00 kB
2019-05-20 01:26:06.673+0000 INFO [o.n.k.i.DiagnosticsManager]   neostore.nodestore.db.labels.id: 2019-05-20T11:26:05+1000 - 9.00 B
2019-05-20 01:26:06.673+0000 INFO [o.n.k.i.DiagnosticsManager]   neostore.propertystore.db: 2019-05-20T11:26:05+1000 - 0.00 B
2019-05-20 01:26:06.673+0000 INFO [o.n.k.i.DiagnosticsManager]   neostore.propertystore.db.arrays: 2019-05-20T11:26:05+1000 - 8.00 kB
2019-05-20 01:26:06.675+0000 INFO [o.n.k.i.DiagnosticsManager]   neostore.propertystore.db.arrays.id: 2019-05-20T11:26:05+1000 - 9.00 B
2019-05-20 01:26:06.675+0000 INFO [o.n.k.i.DiagnosticsManager]   neostore.propertystore.db.id: 2019-05-20T11:26:05+1000 - 9.00 B
2019-05-20 01:26:06.675+0000 INFO [o.n.k.i.DiagnosticsManager]   neostore.propertystore.db.index: 2019-05-20T11:26:05+1000 - 0.00 B
2019-05-20 01:26:06.676+0000 INFO [o.n.k.i.DiagnosticsManager]   neostore.propertystore.db.index.id: 2019-05-20T11:26:05+1000 - 9.00 B
2019-05-20 01:26:06.678+0000 INFO [o.n.k.i.DiagnosticsManager]   neostore.propertystore.db.index.keys: 2019-05-20T11:26:05+1000 - 8.00 kB
2019-05-20 01:26:06.678+0000 INFO [o.n.k.i.DiagnosticsManager]   neostore.propertystore.db.index.keys.id: 2019-05-20T11:26:05+1000 - 9.00 B
2019-05-20 01:26:06.678+0000 INFO [o.n.k.i.DiagnosticsManager]   neostore.propertystore.db.strings: 2019-05-20T11:26:05+1000 - 8.00 kB
2019-05-20 01:26:06.679+0000 INFO [o.n.k.i.DiagnosticsManager]   neostore.propertystore.db.strings.id: 2019-05-20T11:26:05+1000 - 9.00 B
2019-05-20 01:26:06.680+0000 INFO [o.n.k.i.DiagnosticsManager]   neostore.relationshipgroupstore.db: 2019-05-20T11:26:05+1000 - 8.00 kB
2019-05-20 01:26:06.682+0000 INFO [o.n.k.i.DiagnosticsManager]   neostore.relationshipgroupstore.db.id: 2019-05-20T11:26:05+1000 - 9.00 B
2019-05-20 01:26:06.683+0000 INFO [o.n.k.i.DiagnosticsManager]   neostore.relationshipstore.db: 2019-05-20T11:26:05+1000 - 0.00 B
2019-05-20 01:26:06.683+0000 INFO [o.n.k.i.DiagnosticsManager]   neostore.relationshipstore.db.id: 2019-05-20T11:26:05+1000 - 9.00 B
2019-05-20 01:26:06.683+0000 INFO [o.n.k.i.DiagnosticsManager]   neostore.relationshiptypestore.db: 2019-05-20T11:26:05+1000 - 0.00 B
2019-05-20 01:26:06.685+0000 INFO [o.n.k.i.DiagnosticsManager]   neostore.relationshiptypestore.db.id: 2019-05-20T11:26:05+1000 - 9.00 B
2019-05-20 01:26:06.685+0000 INFO [o.n.k.i.DiagnosticsManager]   neostore.relationshiptypestore.db.names: 2019-05-20T11:26:05+1000 - 8.00 kB
2019-05-20 01:26:06.686+0000 INFO [o.n.k.i.DiagnosticsManager]   neostore.relationshiptypestore.db.names.id: 2019-05-20T11:26:05+1000 - 9.00 B
2019-05-20 01:26:06.686+0000 INFO [o.n.k.i.DiagnosticsManager]   neostore.schemastore.db: 2019-05-20T11:26:05+1000 - 8.00 kB
2019-05-20 01:26:06.687+0000 INFO [o.n.k.i.DiagnosticsManager]   neostore.schemastore.db.id: 2019-05-20T11:26:05+1000 - 9.00 B
2019-05-20 01:26:06.688+0000 INFO [o.n.k.i.DiagnosticsManager]   neostore.transaction.db.0: 2019-05-20T11:26:06+1000 - 16.00 B
2019-05-20 01:26:06.689+0000 INFO [o.n.k.i.DiagnosticsManager]   store_lock: 2019-05-20T11:26:05+1000 - 0.00 B
2019-05-20 01:26:06.689+0000 INFO [o.n.k.i.DiagnosticsManager] Storage summary: 
2019-05-20 01:26:06.689+0000 INFO [o.n.k.i.DiagnosticsManager]   Total size of store: 164.74 kB
2019-05-20 01:26:06.690+0000 INFO [o.n.k.i.DiagnosticsManager]   Total size of mapped files: 112.00 kB
2019-05-20 01:26:06.690+0000 INFO [o.n.k.i.DiagnosticsManager] --- STARTED diagnostics for KernelDiagnostics:StoreFiles END ---
